INFO:apscheduler.scheduler:Scheduler started
DEBUG:apscheduler.scheduler:Looking for jobs to run
DEBUG:apscheduler.scheduler:No jobs; waiting until a job is added
DEBUG:apscheduler.scheduler:Looking for jobs to run
DEBUG:apscheduler.scheduler:No jobs; waiting until a job is added
DEBUG:apscheduler.scheduler:Looking for jobs to run
DEBUG:apscheduler.scheduler:No jobs; waiting until a job is added
DEBUG:apscheduler.scheduler:Looking for jobs to run
DEBUG:apscheduler.scheduler:Next wakeup is due at 2023-03-24 17:44:35.212597+05:45 (in 2.797531 seconds)
DEBUG:apscheduler.scheduler:Looking for jobs to run
INFO:apscheduler.executors.default:Running job "seconds 5 (trigger: interval[0:00:05], next run at: 2023-03-24 17:44:35 +0545)" (scheduled at 2023-03-24 17:44:35.212597+05:45)
INFO:apscheduler.executors.default:Job "seconds 5 (trigger: interval[0:00:05], next run at: 2023-03-24 17:44:40 +0545)" executed successfully
DEBUG:apscheduler.scheduler:Next wakeup is due at 2023-03-24 17:44:40.212597+05:45 (in 4.993378 seconds)
DEBUG:apscheduler.scheduler:Looking for jobs to run
INFO:apscheduler.executors.default:Running job "seconds 5 (trigger: interval[0:00:05], next run at: 2023-03-24 17:44:45 +0545)" (scheduled at 2023-03-24 17:44:40.212597+05:45)
INFO:apscheduler.executors.default:Job "seconds 5 (trigger: interval[0:00:05], next run at: 2023-03-24 17:44:45 +0545)" executed successfully
DEBUG:apscheduler.scheduler:Next wakeup is due at 2023-03-24 17:44:45.212597+05:45 (in 4.956450 seconds)
DEBUG:apscheduler.scheduler:Looking for jobs to run
INFO:apscheduler.executors.default:Running job "seconds 5 (trigger: interval[0:00:05], next run at: 2023-03-24 17:44:50 +0545)" (scheduled at 2023-03-24 17:44:45.212597+05:45)
INFO:apscheduler.executors.default:Job "seconds 5 (trigger: interval[0:00:05], next run at: 2023-03-24 17:44:50 +0545)" executed successfully
DEBUG:apscheduler.scheduler:Next wakeup is due at 2023-03-24 17:44:50.212597+05:45 (in 4.965368 seconds)
DEBUG:apscheduler.scheduler:Looking for jobs to run
INFO:apscheduler.executors.default:Running job "seconds 5 (trigger: interval[0:00:05], next run at: 2023-03-24 17:44:55 +0545)" (scheduled at 2023-03-24 17:44:50.212597+05:45)
INFO:apscheduler.executors.default:Job "seconds 5 (trigger: interval[0:00:05], next run at: 2023-03-24 17:44:55 +0545)" executed successfully
DEBUG:apscheduler.scheduler:Next wakeup is due at 2023-03-24 17:44:55.212597+05:45 (in 4.962751 seconds)
INFO:apscheduler.scheduler:Scheduler started
DEBUG:apscheduler.scheduler:Looking for jobs to run
DEBUG:apscheduler.scheduler:Next wakeup is due at 2023-03-24 17:45:40.212597+05:45 (in 1.312608 seconds)
DEBUG:apscheduler.scheduler:Looking for jobs to run
INFO:apscheduler.executors.default:Running job "seconds 5 (trigger: interval[0:00:05], next run at: 2023-03-24 17:45:40 +0545)" (scheduled at 2023-03-24 17:45:40.212597+05:45)
INFO:apscheduler.executors.default:Job "seconds 5 (trigger: interval[0:00:05], next run at: 2023-03-24 17:45:45 +0545)" executed successfully
DEBUG:apscheduler.scheduler:Next wakeup is due at 2023-03-24 17:45:45.212597+05:45 (in 4.994238 seconds)
DEBUG:apscheduler.scheduler:Looking for jobs to run
INFO:apscheduler.executors.default:Running job "seconds 5 (trigger: interval[0:00:05], next run at: 2023-03-24 17:45:50 +0545)" (scheduled at 2023-03-24 17:45:45.212597+05:45)
INFO:apscheduler.executors.default:Job "seconds 5 (trigger: interval[0:00:05], next run at: 2023-03-24 17:45:50 +0545)" executed successfully
DEBUG:apscheduler.scheduler:Next wakeup is due at 2023-03-24 17:45:50.212597+05:45 (in 4.969750 seconds)
DEBUG:apscheduler.scheduler:Looking for jobs to run
INFO:apscheduler.executors.default:Running job "seconds 5 (trigger: interval[0:00:05], next run at: 2023-03-24 17:45:55 +0545)" (scheduled at 2023-03-24 17:45:50.212597+05:45)
INFO:apscheduler.executors.default:Job "seconds 5 (trigger: interval[0:00:05], next run at: 2023-03-24 17:45:55 +0545)" executed successfully
DEBUG:apscheduler.scheduler:Next wakeup is due at 2023-03-24 17:45:55.212597+05:45 (in 4.729042 seconds)
DEBUG:apscheduler.scheduler:Looking for jobs to run
INFO:apscheduler.executors.default:Running job "seconds 5 (trigger: interval[0:00:05], next run at: 2023-03-24 17:46:00 +0545)" (scheduled at 2023-03-24 17:45:55.212597+05:45)
INFO:apscheduler.executors.default:Job "seconds 5 (trigger: interval[0:00:05], next run at: 2023-03-24 17:46:00 +0545)" executed successfully
DEBUG:apscheduler.scheduler:Next wakeup is due at 2023-03-24 17:46:00.212597+05:45 (in 4.965967 seconds)
DEBUG:apscheduler.scheduler:Looking for jobs to run
INFO:apscheduler.executors.default:Running job "seconds 5 (trigger: interval[0:00:05], next run at: 2023-03-24 17:46:05 +0545)" (scheduled at 2023-03-24 17:46:00.212597+05:45)
INFO:apscheduler.executors.default:Job "seconds 5 (trigger: interval[0:00:05], next run at: 2023-03-24 17:46:05 +0545)" executed successfully
DEBUG:apscheduler.scheduler:Next wakeup is due at 2023-03-24 17:46:05.212597+05:45 (in 4.975835 seconds)
DEBUG:apscheduler.scheduler:Looking for jobs to run
INFO:apscheduler.executors.default:Running job "seconds 5 (trigger: interval[0:00:05], next run at: 2023-03-24 17:46:10 +0545)" (scheduled at 2023-03-24 17:46:05.212597+05:45)
INFO:apscheduler.executors.default:Job "seconds 5 (trigger: interval[0:00:05], next run at: 2023-03-24 17:46:10 +0545)" executed successfully
DEBUG:apscheduler.scheduler:Next wakeup is due at 2023-03-24 17:46:10.212597+05:45 (in 4.968532 seconds)
INFO:apscheduler.scheduler:Scheduler started
DEBUG:apscheduler.scheduler:Looking for jobs to run
DEBUG:apscheduler.scheduler:Next wakeup is due at 2023-03-24 17:46:25.212597+05:45 (in 2.234617 seconds)
DEBUG:apscheduler.scheduler:Looking for jobs to run
INFO:apscheduler.executors.default:Running job "seconds 5 (trigger: interval[0:00:05], next run at: 2023-03-24 17:46:25 +0545)" (scheduled at 2023-03-24 17:46:25.212597+05:45)
INFO:apscheduler.executors.default:Job "seconds 5 (trigger: interval[0:00:05], next run at: 2023-03-24 17:46:30 +0545)" executed successfully
DEBUG:apscheduler.scheduler:Next wakeup is due at 2023-03-24 17:46:30.212597+05:45 (in 4.993884 seconds)
DEBUG:apscheduler.scheduler:Looking for jobs to run
INFO:apscheduler.executors.default:Running job "seconds 5 (trigger: interval[0:00:05], next run at: 2023-03-24 17:46:35 +0545)" (scheduled at 2023-03-24 17:46:30.212597+05:45)
INFO:apscheduler.executors.default:Job "seconds 5 (trigger: interval[0:00:05], next run at: 2023-03-24 17:46:35 +0545)" executed successfully
DEBUG:apscheduler.scheduler:Next wakeup is due at 2023-03-24 17:46:35.212597+05:45 (in 4.797378 seconds)
INFO:apscheduler.scheduler:Scheduler started
DEBUG:apscheduler.scheduler:Looking for jobs to run
WARNING:apscheduler.executors.default:Run time of job "seconds 5 (trigger: interval[0:00:05], next run at: 2023-03-24 17:46:35 +0545)" was missed by 0:00:04.561497
DEBUG:apscheduler.scheduler:Next wakeup is due at 2023-03-24 17:46:40.212597+05:45 (in 0.442726 seconds)
DEBUG:apscheduler.scheduler:Looking for jobs to run
INFO:apscheduler.executors.default:Running job "seconds 5 (trigger: interval[0:00:05], next run at: 2023-03-24 17:46:45 +0545)" (scheduled at 2023-03-24 17:46:40.212597+05:45)
INFO:apscheduler.executors.default:Job "seconds 5 (trigger: interval[0:00:05], next run at: 2023-03-24 17:46:45 +0545)" executed successfully
DEBUG:apscheduler.scheduler:Next wakeup is due at 2023-03-24 17:46:45.212597+05:45 (in 4.968099 seconds)
DEBUG:apscheduler.scheduler:Looking for jobs to run
INFO:apscheduler.executors.default:Running job "seconds 5 (trigger: interval[0:00:05], next run at: 2023-03-24 17:46:50 +0545)" (scheduled at 2023-03-24 17:46:45.212597+05:45)
INFO:apscheduler.executors.default:Job "seconds 5 (trigger: interval[0:00:05], next run at: 2023-03-24 17:46:50 +0545)" executed successfully
DEBUG:apscheduler.scheduler:Next wakeup is due at 2023-03-24 17:46:50.212597+05:45 (in 4.963892 seconds)
INFO:apscheduler.scheduler:Scheduler started
DEBUG:apscheduler.scheduler:Looking for jobs to run
DEBUG:apscheduler.scheduler:No jobs; waiting until a job is added
INFO:apscheduler.scheduler:Added job "seconds 5" to job store "default"
DEBUG:apscheduler.scheduler:Looking for jobs to run
DEBUG:apscheduler.scheduler:Next wakeup is due at 2023-03-24 18:35:31.132664+05:45 (in 4.989067 seconds)
DEBUG:apscheduler.scheduler:Looking for jobs to run
INFO:apscheduler.executors.default:Running job "seconds 5 (trigger: interval[0:00:05], next run at: 2023-03-24 18:35:31 +0545)" (scheduled at 2023-03-24 18:35:31.132664+05:45)
INFO:apscheduler.executors.default:Job "seconds 5 (trigger: interval[0:00:05], next run at: 2023-03-24 18:35:36 +0545)" executed successfully
DEBUG:apscheduler.scheduler:Next wakeup is due at 2023-03-24 18:35:36.132664+05:45 (in 4.988372 seconds)
DEBUG:apscheduler.scheduler:Looking for jobs to run
INFO:apscheduler.executors.default:Running job "seconds 5 (trigger: interval[0:00:05], next run at: 2023-03-24 18:35:41 +0545)" (scheduled at 2023-03-24 18:35:36.132664+05:45)
INFO:apscheduler.executors.default:Job "seconds 5 (trigger: interval[0:00:05], next run at: 2023-03-24 18:35:41 +0545)" executed successfully
DEBUG:apscheduler.scheduler:Next wakeup is due at 2023-03-24 18:35:41.132664+05:45 (in 4.968375 seconds)
DEBUG:apscheduler.scheduler:Looking for jobs to run
INFO:apscheduler.executors.default:Running job "seconds 5 (trigger: interval[0:00:05], next run at: 2023-03-24 18:35:46 +0545)" (scheduled at 2023-03-24 18:35:41.132664+05:45)
INFO:apscheduler.executors.default:Job "seconds 5 (trigger: interval[0:00:05], next run at: 2023-03-24 18:35:46 +0545)" executed successfully
DEBUG:apscheduler.scheduler:Next wakeup is due at 2023-03-24 18:35:46.132664+05:45 (in 4.979639 seconds)
DEBUG:apscheduler.scheduler:Looking for jobs to run
INFO:apscheduler.executors.default:Running job "seconds 5 (trigger: interval[0:00:05], next run at: 2023-03-24 18:35:51 +0545)" (scheduled at 2023-03-24 18:35:46.132664+05:45)
INFO:apscheduler.executors.default:Job "seconds 5 (trigger: interval[0:00:05], next run at: 2023-03-24 18:35:51 +0545)" executed successfully
DEBUG:apscheduler.scheduler:Next wakeup is due at 2023-03-24 18:35:51.132664+05:45 (in 4.973797 seconds)
DEBUG:apscheduler.scheduler:Looking for jobs to run
INFO:apscheduler.executors.default:Running job "seconds 5 (trigger: interval[0:00:05], next run at: 2023-03-24 18:35:56 +0545)" (scheduled at 2023-03-24 18:35:51.132664+05:45)
INFO:apscheduler.executors.default:Job "seconds 5 (trigger: interval[0:00:05], next run at: 2023-03-24 18:35:56 +0545)" executed successfully
DEBUG:apscheduler.scheduler:Next wakeup is due at 2023-03-24 18:35:56.132664+05:45 (in 4.972003 seconds)
DEBUG:apscheduler.scheduler:Looking for jobs to run
INFO:apscheduler.executors.default:Running job "seconds 5 (trigger: interval[0:00:05], next run at: 2023-03-24 18:36:01 +0545)" (scheduled at 2023-03-24 18:35:56.132664+05:45)
INFO:apscheduler.executors.default:Job "seconds 5 (trigger: interval[0:00:05], next run at: 2023-03-24 18:36:01 +0545)" executed successfully
DEBUG:apscheduler.scheduler:Next wakeup is due at 2023-03-24 18:36:01.132664+05:45 (in 4.971798 seconds)
INFO:apscheduler.scheduler:Scheduler started
DEBUG:apscheduler.scheduler:Looking for jobs to run
WARNING:apscheduler.executors.default:Run time of job "seconds 5 (trigger: interval[0:00:05], next run at: 2023-03-24 18:36:01 +0545)" was missed by 0:00:04.000302
DEBUG:apscheduler.scheduler:Next wakeup is due at 2023-03-24 18:36:31.132664+05:45 (in 1.006235 seconds)
DEBUG:apscheduler.scheduler:Looking for jobs to run
INFO:apscheduler.executors.default:Running job "seconds 5 (trigger: interval[0:00:05], next run at: 2023-03-24 18:36:36 +0545)" (scheduled at 2023-03-24 18:36:31.132664+05:45)
INFO:apscheduler.executors.default:Job "seconds 5 (trigger: interval[0:00:05], next run at: 2023-03-24 18:36:36 +0545)" executed successfully
DEBUG:apscheduler.scheduler:Next wakeup is due at 2023-03-24 18:36:36.132664+05:45 (in 4.972834 seconds)
DEBUG:apscheduler.scheduler:Looking for jobs to run
INFO:apscheduler.executors.default:Running job "seconds 5 (trigger: interval[0:00:05], next run at: 2023-03-24 18:36:41 +0545)" (scheduled at 2023-03-24 18:36:36.132664+05:45)
INFO:apscheduler.executors.default:Job "seconds 5 (trigger: interval[0:00:05], next run at: 2023-03-24 18:36:41 +0545)" executed successfully
DEBUG:apscheduler.scheduler:Next wakeup is due at 2023-03-24 18:36:41.132664+05:45 (in 4.989782 seconds)
DEBUG:apscheduler.scheduler:Looking for jobs to run
INFO:apscheduler.executors.default:Running job "seconds 5 (trigger: interval[0:00:05], next run at: 2023-03-24 18:36:46 +0545)" (scheduled at 2023-03-24 18:36:41.132664+05:45)
INFO:apscheduler.executors.default:Job "seconds 5 (trigger: interval[0:00:05], next run at: 2023-03-24 18:36:46 +0545)" executed successfully
DEBUG:apscheduler.scheduler:Next wakeup is due at 2023-03-24 18:36:46.132664+05:45 (in 4.986306 seconds)
DEBUG:apscheduler.scheduler:Looking for jobs to run
INFO:apscheduler.executors.default:Running job "seconds 5 (trigger: interval[0:00:05], next run at: 2023-03-24 18:36:51 +0545)" (scheduled at 2023-03-24 18:36:46.132664+05:45)
INFO:apscheduler.executors.default:Job "seconds 5 (trigger: interval[0:00:05], next run at: 2023-03-24 18:36:51 +0545)" executed successfully
DEBUG:apscheduler.scheduler:Next wakeup is due at 2023-03-24 18:36:51.132664+05:45 (in 4.969369 seconds)
DEBUG:apscheduler.scheduler:Looking for jobs to run
INFO:apscheduler.executors.default:Running job "seconds 5 (trigger: interval[0:00:05], next run at: 2023-03-24 18:36:56 +0545)" (scheduled at 2023-03-24 18:36:51.132664+05:45)
INFO:apscheduler.executors.default:Job "seconds 5 (trigger: interval[0:00:05], next run at: 2023-03-24 18:36:56 +0545)" executed successfully
DEBUG:apscheduler.scheduler:Next wakeup is due at 2023-03-24 18:36:56.132664+05:45 (in 4.975799 seconds)
DEBUG:apscheduler.scheduler:Looking for jobs to run
INFO:apscheduler.executors.default:Running job "seconds 5 (trigger: interval[0:00:05], next run at: 2023-03-24 18:37:01 +0545)" (scheduled at 2023-03-24 18:36:56.132664+05:45)
INFO:apscheduler.executors.default:Job "seconds 5 (trigger: interval[0:00:05], next run at: 2023-03-24 18:37:01 +0545)" executed successfully
DEBUG:apscheduler.scheduler:Next wakeup is due at 2023-03-24 18:37:01.132664+05:45 (in 4.984049 seconds)
DEBUG:apscheduler.scheduler:Looking for jobs to run
INFO:apscheduler.executors.default:Running job "seconds 5 (trigger: interval[0:00:05], next run at: 2023-03-24 18:37:06 +0545)" (scheduled at 2023-03-24 18:37:01.132664+05:45)
INFO:apscheduler.executors.default:Job "seconds 5 (trigger: interval[0:00:05], next run at: 2023-03-24 18:37:06 +0545)" executed successfully
DEBUG:apscheduler.scheduler:Next wakeup is due at 2023-03-24 18:37:06.132664+05:45 (in 4.979738 seconds)
DEBUG:apscheduler.scheduler:Looking for jobs to run
INFO:apscheduler.executors.default:Running job "seconds 5 (trigger: interval[0:00:05], next run at: 2023-03-24 18:37:11 +0545)" (scheduled at 2023-03-24 18:37:06.132664+05:45)
INFO:apscheduler.executors.default:Job "seconds 5 (trigger: interval[0:00:05], next run at: 2023-03-24 18:37:11 +0545)" executed successfully
DEBUG:apscheduler.scheduler:Next wakeup is due at 2023-03-24 18:37:11.132664+05:45 (in 4.975502 seconds)
DEBUG:apscheduler.scheduler:Looking for jobs to run
INFO:apscheduler.executors.default:Running job "seconds 5 (trigger: interval[0:00:05], next run at: 2023-03-24 18:37:16 +0545)" (scheduled at 2023-03-24 18:37:11.132664+05:45)
INFO:apscheduler.executors.default:Job "seconds 5 (trigger: interval[0:00:05], next run at: 2023-03-24 18:37:16 +0545)" executed successfully
DEBUG:apscheduler.scheduler:Next wakeup is due at 2023-03-24 18:37:16.132664+05:45 (in 4.976235 seconds)
DEBUG:apscheduler.scheduler:Looking for jobs to run
INFO:apscheduler.executors.default:Running job "seconds 5 (trigger: interval[0:00:05], next run at: 2023-03-24 18:37:21 +0545)" (scheduled at 2023-03-24 18:37:16.132664+05:45)
INFO:apscheduler.executors.default:Job "seconds 5 (trigger: interval[0:00:05], next run at: 2023-03-24 18:37:21 +0545)" executed successfully
DEBUG:apscheduler.scheduler:Next wakeup is due at 2023-03-24 18:37:21.132664+05:45 (in 4.983170 seconds)
DEBUG:apscheduler.scheduler:Looking for jobs to run
INFO:apscheduler.executors.default:Running job "seconds 5 (trigger: interval[0:00:05], next run at: 2023-03-24 18:37:26 +0545)" (scheduled at 2023-03-24 18:37:21.132664+05:45)
INFO:apscheduler.executors.default:Job "seconds 5 (trigger: interval[0:00:05], next run at: 2023-03-24 18:37:26 +0545)" executed successfully
DEBUG:apscheduler.scheduler:Next wakeup is due at 2023-03-24 18:37:26.132664+05:45 (in 4.987767 seconds)
DEBUG:apscheduler.scheduler:Looking for jobs to run
DEBUG:apscheduler.scheduler:No jobs; waiting until a job is added
DEBUG:apscheduler.scheduler:Looking for jobs to run
DEBUG:apscheduler.scheduler:Next wakeup is due at 2023-03-24 18:37:56.132664+05:45 (in 4.610060 seconds)
DEBUG:apscheduler.scheduler:Looking for jobs to run
INFO:apscheduler.executors.default:Running job "seconds 5 (trigger: interval[0:00:05], next run at: 2023-03-24 18:38:01 +0545)" (scheduled at 2023-03-24 18:37:56.132664+05:45)
INFO:apscheduler.executors.default:Job "seconds 5 (trigger: interval[0:00:05], next run at: 2023-03-24 18:38:01 +0545)" executed successfully
DEBUG:apscheduler.scheduler:Next wakeup is due at 2023-03-24 18:38:01.132664+05:45 (in 4.989850 seconds)
DEBUG:apscheduler.scheduler:Looking for jobs to run
INFO:apscheduler.executors.default:Running job "seconds 5 (trigger: interval[0:00:05], next run at: 2023-03-24 18:38:06 +0545)" (scheduled at 2023-03-24 18:38:01.132664+05:45)
INFO:apscheduler.executors.default:Job "seconds 5 (trigger: interval[0:00:05], next run at: 2023-03-24 18:38:06 +0545)" executed successfully
DEBUG:apscheduler.scheduler:Next wakeup is due at 2023-03-24 18:38:06.132664+05:45 (in 4.990565 seconds)
DEBUG:apscheduler.scheduler:Looking for jobs to run
INFO:apscheduler.executors.default:Running job "seconds 5 (trigger: interval[0:00:05], next run at: 2023-03-24 18:38:11 +0545)" (scheduled at 2023-03-24 18:38:06.132664+05:45)
INFO:apscheduler.executors.default:Job "seconds 5 (trigger: interval[0:00:05], next run at: 2023-03-24 18:38:11 +0545)" executed successfully
DEBUG:apscheduler.scheduler:Next wakeup is due at 2023-03-24 18:38:11.132664+05:45 (in 4.974490 seconds)
DEBUG:apscheduler.scheduler:Looking for jobs to run
INFO:apscheduler.executors.default:Running job "seconds 5 (trigger: interval[0:00:05], next run at: 2023-03-24 18:38:16 +0545)" (scheduled at 2023-03-24 18:38:11.132664+05:45)
INFO:apscheduler.executors.default:Job "seconds 5 (trigger: interval[0:00:05], next run at: 2023-03-24 18:38:16 +0545)" executed successfully
DEBUG:apscheduler.scheduler:Next wakeup is due at 2023-03-24 18:38:16.132664+05:45 (in 4.959675 seconds)
DEBUG:apscheduler.scheduler:Looking for jobs to run
INFO:apscheduler.executors.default:Running job "seconds 5 (trigger: interval[0:00:05], next run at: 2023-03-24 18:38:21 +0545)" (scheduled at 2023-03-24 18:38:16.132664+05:45)
INFO:apscheduler.executors.default:Job "seconds 5 (trigger: interval[0:00:05], next run at: 2023-03-24 18:38:21 +0545)" executed successfully
DEBUG:apscheduler.scheduler:Next wakeup is due at 2023-03-24 18:38:21.132664+05:45 (in 4.968251 seconds)
INFO:apscheduler.scheduler:Scheduler started
DEBUG:apscheduler.scheduler:Looking for jobs to run
WARNING:apscheduler.executors.default:Run time of job "seconds 5 (trigger: interval[0:00:05], next run at: 2023-03-24 18:38:21 +0545)" was missed by 0:00:03.036460
DEBUG:apscheduler.scheduler:Next wakeup is due at 2023-03-24 18:38:46.132664+05:45 (in 1.969332 seconds)
DEBUG:apscheduler.scheduler:Looking for jobs to run
INFO:apscheduler.executors.default:Running job "seconds 5 (trigger: interval[0:00:05], next run at: 2023-03-24 18:38:51 +0545)" (scheduled at 2023-03-24 18:38:46.132664+05:45)
INFO:apscheduler.executors.default:Job "seconds 5 (trigger: interval[0:00:05], next run at: 2023-03-24 18:38:51 +0545)" executed successfully
DEBUG:apscheduler.scheduler:Next wakeup is due at 2023-03-24 18:38:51.132664+05:45 (in 4.981303 seconds)
DEBUG:apscheduler.scheduler:Looking for jobs to run
INFO:apscheduler.executors.default:Running job "seconds 5 (trigger: interval[0:00:05], next run at: 2023-03-24 18:38:56 +0545)" (scheduled at 2023-03-24 18:38:51.132664+05:45)
INFO:apscheduler.executors.default:Job "seconds 5 (trigger: interval[0:00:05], next run at: 2023-03-24 18:38:56 +0545)" executed successfully
DEBUG:apscheduler.scheduler:Next wakeup is due at 2023-03-24 18:38:56.132664+05:45 (in 4.979121 seconds)
DEBUG:apscheduler.scheduler:Looking for jobs to run
INFO:apscheduler.executors.default:Running job "seconds 5 (trigger: interval[0:00:05], next run at: 2023-03-24 18:39:01 +0545)" (scheduled at 2023-03-24 18:38:56.132664+05:45)
INFO:apscheduler.executors.default:Job "seconds 5 (trigger: interval[0:00:05], next run at: 2023-03-24 18:39:01 +0545)" executed successfully
DEBUG:apscheduler.scheduler:Next wakeup is due at 2023-03-24 18:39:01.132664+05:45 (in 4.977074 seconds)
INFO:apscheduler.scheduler:Removed job 1162e22af02c4cfbad5ef1ce4807eff2
DEBUG:apscheduler.scheduler:Looking for jobs to run
DEBUG:apscheduler.scheduler:No jobs; waiting until a job is added
